1748581412,,,/home/erlan/Downloads/im cyborg that is ok/Im.A.Cyborg.But.Thats.OK.2006.1080p.BluRay.x264.AAC5.1-[YTS.MX].mp4,123
1748582365,62,[LENDRIVE] The Dangers in My Heart - 04 [1080p HEVC][Dualsubs],/home/erlan/Videos/bokuyaba.mkv,108
1748583009,62,[LENDRIVE] The Dangers in My Heart - 04 [1080p HEVC][Dualsubs],/home/erlan/Videos/bokuyaba.mkv,108
1748583063,,,/home/erlan/Videos/All About Lily Chou-Chou (2001).mp4,67
1748583234,,,/home/erlan/Videos/All About Lily Chou-Chou (2001).mp4,67
1748584274,,,/home/erlan/Videos/All About Lily Chou-Chou (2001).mp4,67
1748584348,,,/home/erlan/Videos/All About Lily Chou-Chou (2001).mp4,67
1748584435,,,/home/erlan/Videos/All About Lily Chou-Chou (2001).mp4,67
1748584513,,,/home/erlan/Videos/All About Lily Chou-Chou (2001).mp4,67
1748595239,,,/home/erlan/Downloads/im cyborg that is ok/Im.A.Cyborg.But.Thats.OK.2006.1080p.BluRay.x264.AAC5.1-[YTS.MX].mp4,123
1748596668,,,/home/erlan/Downloads/im cyborg that is ok/Im.A.Cyborg.But.Thats.OK.2006.1080p.BluRay.x264.AAC5.1-[YTS.MX].mp4,123
1748681712,53,Blue.Gate.Crossing.2002.CHINESE.1080p.BluRay.x265-VXT,/home/erlan/Downloads/Blue.Gate.Crossing.2002.CHINESE.1080p.BluRay.x265-VXT.mp4,147
1748697811,,,/home/erlan/Videos/Lost and Found⧸天涯海角 (1996) - Full Movie Cantonese Eng Sub [FUeQih625hM].mp4,117
1749133850,,,/home/erlan/Videos/KARAOKE/karaoke vian/Karaoke♬ Yoake to Hotaru - n-buna 【No Guide Melody】 Instrumental, Lyric Romanized [-qkYMckU0K0].mp4,158
1749133909,,,/home/erlan/Videos/KARAOKE/karaoke vian/Karaoke♬ Yoake to Hotaru - n-buna 【No Guide Melody】 Instrumental, Lyric Romanized [-qkYMckU0K0].mp4,158
1749134229,,,/home/erlan/Videos/KARAOKE/karaoke vian/Shiawase (幸せ) Back Number ｜ Karaoke  ｜ Lirik ｜ Instrumental [hItRvjhV45g].mp4,140
1749134239,,,/home/erlan/Videos/KARAOKE/Lamp - 恋人へ (instrumental) [ObKOcfgyVYo].mp4,89
1749134320,,,/home/erlan/Videos/KARAOKE/Le Ciel Malice mizer [Karaoke + ENG SUB] [uWNMXZs4zi4].mp4,98
1749134325,,,/home/erlan/Videos/KARAOKE/lamp - hirogaru namida (instrumental) ⊹ ˚ [GJrLaDg3Cqg].mp4,102
1749135236,,,/home/erlan/Videos/KARAOKE/Karaoke♬ ROBINSON - Spitz 【No Guide Melody】 Instrumental, Lyric Romanized [YN-qzYHh0vs].mp4,137
1749135502,,,/home/erlan/Videos/KARAOKE/karaoke vian/『Back Number』⧸ Fish (Kan⧸Rom⧸Eng⧸Indo Lyric) [P5H6dmeQdjo].mp4,127
1749135503,,,/home/erlan/Videos/KARAOKE/lamp - behind the moon shadow (instrumental) ⊹ ˚ [PIF8faAnFiA].mp4,109
1749135505,,,/home/erlan/Videos/KARAOKE/karaoke vian/『Back Number』⧸ Fish (Kan⧸Rom⧸Eng⧸Indo Lyric) [P5H6dmeQdjo].mp4,127
1749135506,,,/home/erlan/Videos/KARAOKE/karaoke vian/『Back Number』⧸ Fish (Kan⧸Rom⧸Eng⧸Indo Lyric) [P5H6dmeQdjo].mp4,127
1749135585,,,/home/erlan/Videos/KARAOKE/karaoke vian/Karaoke♬ Phantom Thief ⧸ Kaitou - back number 【No Guide Melody】 Instrumental, Lyric Romanized [wQ4WQF9V0jE].mp4,172
1749135783,,,/home/erlan/Videos/KARAOKE/Karaoke♬ Cherry - Spitz 【No Guide Melody】 Instrumental [8XbSCSN9sc4].mp4,118
1749140720,,,/home/erlan/Videos/MOVIEs/【粵語】薰衣草 (2000) ｜ Lavender (金城武⧸陳慧琳⧸陳奕迅) ｜ 落寞的生活中遇到天使 ｜#經典華語老電影 [kG1h8uqZAvE].mp4,195
1749141435,,,/home/erlan/Videos/MOVIEs/【粵語】薰衣草 (2000) ｜ Lavender (金城武⧸陳慧琳⧸陳奕迅) ｜ 落寞的生活中遇到天使 ｜#經典華語老電影 [kG1h8uqZAvE].mp4,195
1749141545,53,Blue.Gate.Crossing.2002.CHINESE.1080p.BluRay.x265-VXT,/home/erlan/Videos/MOVIEs/Blue.Gate.Crossing.2002.CHINESE.1080p.BluRay.x265-VXT.mp4,151
1749141584,,,/home/erlan/Videos/MOVIEs/【粵語】薰衣草 (2000) ｜ Lavender (金城武⧸陳慧琳⧸陳奕迅) ｜ 落寞的生活中遇到天使 ｜#經典華語老電影 [kG1h8uqZAvE].mp4,195
1749142011,,,/home/erlan/Videos/MOVIEs/【粵語】薰衣草 (2000) ｜ Lavender (金城武⧸陳慧琳⧸陳奕迅) ｜ 落寞的生活中遇到天使 ｜#經典華語老電影 [kG1h8uqZAvE].mp4,195
1749205533,,,/home/erlan/Videos/lavendeer.mp4,45
1749209184,,,/home/erlan/Videos/lavendeer.mp4,45
1749209518,,,/home/erlan/Videos/【粵語】安娜瑪德蓮娜 (1998) 1080P ｜ Anna Madelina ( 金城武 ⧸ 郭富城 ⧸ 陳慧琳) ｜ 帥哥美女誇張幽默的愛情小品 ｜#經典華語老電影 [VF-TZGUdEEA].mp4,222
1749209586,,,/home/erlan/Videos/【粵語】安娜瑪德蓮娜 (1998) 1080P ｜ Anna Madelina ( 金城武 ⧸ 郭富城 ⧸ 陳慧琳) ｜ 帥哥美女誇張幽默的愛情小品 ｜#經典華語老電影 [VF-TZGUdEEA].mp4,222
1749260364,,,/home/erlan/Videos/anna magdana.mp4,48
1749283959,,,/home/erlan/Videos/lavendeer.mp4,45
1749369344,,,/home/erlan/Videos/anna magdana.mp4,48
1749667713,,,/home/erlan/Videos/anna magdana.mp4,48
1749725030,,,/home/erlan/Music/怪獣の花唄 ⧸ Vaundy ： MUSIC VIDEO [UM9XNpgrqVk].f616.mp4.part,101
1749736435,,,/home/erlan/Music/Color Your Night [j9Sn1nFGQQ8].mp3,65
1749736663,,,/home/erlan/Music/erlanggabintang_672024190.mp3,60
1749736675,,,/home/erlan/Music/It's Going Down Now [2KuWjZD6PBA].mp3,68
1749736866,,,/home/erlan/Music/It's Going Down Now.mp3,54
1749736875,,,/home/erlan/Music/Last Surprise [ZNGqBDRJgvo].mp3,62
1749737110,,,/home/erlan/Music/Le Ciel Malice mizer [Karaoke + ENG SUB] [uWNMXZs4zi4].mp3,89
1749737118,,,/home/erlan/Music/P5 OST 04 Life Will Change.mp3,61
1749737122,,,/home/erlan/Music/Persona 5 - Life Will Change (中英歌詞) [CGwH6rZk7VM].mp3,92
1749737384,,,/home/erlan/Music/Plastic Tree- Kuuchuu Buranko [ANTv-MwPLUw].flac,79
1749737712,,,/home/erlan/Music/Puff Daddy [feat. Faith Evans & 112] - I'll Be Missing You (Official Music Video) [NKMtZm2YuBE].mp3,130
1749737984,,,/home/erlan/Music/Runaway [VhEoCOWUtcU].mp3,56
1749738531,,,/home/erlan/Music/怪獣の花唄 ⧸ Vaundy ： MUSIC VIDEO [UM9XNpgrqVk].mp3,91
1749738764,,,/home/erlan/Music/犯錯 [XaeK5wiALis].mp3,55
1749738841,,,/home/erlan/Music/Audio/batteryDischarged-en.wav,61
1749738843,,,/home/erlan/Music/Audio/batteryFullyCharged-en.wav,63
1749792068,,,/home/erlan/Music/Color Your Night [j9Sn1nFGQQ8].mp3,65
1749792315,,,/home/erlan/Music/erlanggabintang_672024190.mp3,60
1749792328,,,/home/erlan/Music/It's Going Down Now [2KuWjZD6PBA].mp3,68
1749977053,,,/home/erlan/Videos/lavendeer.mp4,45
1750081049,,,/home/erlan/Videos/Kooha/Fallen Angels 1995 ENG sub.mp4,68
1750095509,,,/home/erlan/Music/BUCK-TICK ⧸ 「ドレス」ミュージックビデオ [lMbyDfvdxjM].flac,106
1750095885,,,/home/erlan/Music/Color Your Night [j9Sn1nFGQQ8].mp3,65
1750311422,16,Life Will Change,/home/erlan/Music/1-04. Life Will Change.mp3,75
1750318681,16,Life Will Change,/home/erlan/Music/1-04. Life Will Change.mp3,75
1750320604,16,Life Will Change,/home/erlan/Music/1-04. Life Will Change.mp3,75
1750321007,16,Life Will Change,/home/erlan/Music/1-04. Life Will Change.mp3,75
1750322367,16,Life Will Change,/home/erlan/Music/1-04. Life Will Change.mp3,75
1750358150,16,Life Will Change,/home/erlan/Music/1-04. Life Will Change.mp3,75
1751049790,16,Life Will Change,/home/erlan/Music/1-04. Life Will Change.mp3,75
1751295607,,,/home/erlan/Videos/The World of Kanako (2014) [1080p] [BluRay].mp4,79
1751448299,,,/home/erlan/Videos/sisco/Cisco 01 ｜ Belajar Jaringan Komputer Dasar ｜ LAN ｜ Local Area Network ｜ CISCO Packet Tracer [CAWjdVqXd1I].mp4,155
1751448788,,,/home/erlan/Videos/sisco/Cisco 02 ｜ Belajar CISCO Router Dasar ｜ CISCO Router ｜ CISCO Packet Tracer ｜ Konfigurasi Dasar [g2XT4WXebuU].mp4,158
1751448793,,,/home/erlan/Videos/sisco/Cisco 01 ｜ Belajar Jaringan Komputer Dasar ｜ LAN ｜ Local Area Network ｜ CISCO Packet Tracer [CAWjdVqXd1I].mp4,155
1751449313,,,/home/erlan/Videos/sisco/Cisco 02 ｜ Belajar CISCO Router Dasar ｜ CISCO Router ｜ CISCO Packet Tracer ｜ Konfigurasi Dasar [g2XT4WXebuU].mp4,158
1751449420,,,/home/erlan/Videos/sisco/Cisco 01 ｜ Belajar Jaringan Komputer Dasar ｜ LAN ｜ Local Area Network ｜ CISCO Packet Tracer [CAWjdVqXd1I].mp4,155
1751449436,,,/home/erlan/Videos/sisco/Cisco 03 ｜ Belajar Routing Dasar ｜ CISCO Router ｜ CISCO Packet Tracer ｜ Belajar Jaringan Komputer [Yyet1BIs67A].mp4,161
1751449437,,,/home/erlan/Videos/sisco/Cisco 05 ｜ Belajar Dynamic Routing RIP ｜ CISCO Router ｜ CISCO Packet Tracer ｜ Jaringan Komputer [Txvjt_qHS90].mp4,159
1751449438,,,/home/erlan/Videos/sisco/kakjoe/Routing, DHCP, DNS, Web Server - All in One [XWccFOKRpIo].mp4,106
1751451009,,,/home/erlan/Videos/sisco/kakjoe/Routing, DHCP, DNS, Web Server - All in One [XWccFOKRpIo].mp4,106
1751463663,,,/home/erlan/Videos/sisco/kakjoe/Routing, DHCP, DNS, Web Server - All in One [XWccFOKRpIo].mp4,106
1751468138,,,/home/erlan/Videos/sisco/kakjoe/Routing, DHCP, DNS, Web Server - All in One [XWccFOKRpIo].mp4,106
1751523201,,,/home/erlan/Videos/sisco/kakjoe/Routing, DHCP, DNS, Web Server - All in One [XWccFOKRpIo].mp4,106
1751702980,,,/home/erlan/Videos/sisco/kakjoe/Routing, DHCP, DNS, Web Server - All in One [XWccFOKRpIo].mp4,106
1752846105,,,/home/erlan/Music/BUCK-TICK ⧸ 「ドレス」ミュージックビデオ [lMbyDfvdxjM].flac,106
1752846481,,,/home/erlan/Music/Color Your Night [j9Sn1nFGQQ8].mp3,65
1752846490,,,/home/erlan/Music/Plastic Tree- Kuuchuu Buranko [ANTv-MwPLUw].flac,79
1752846817,,,/home/erlan/Music/Puff Daddy [feat. Faith Evans & 112] - I'll Be Missing You (Official Music Video) [NKMtZm2YuBE].mp3,130
1752847089,,,/home/erlan/Music/Runaway [VhEoCOWUtcU].mp3,56
1752847091,,,/home/erlan/Music/怪獣の花唄 ⧸ Vaundy ： MUSIC VIDEO [UM9XNpgrqVk].mp3,91
1752847096,,,/home/erlan/Music/犯錯 [XaeK5wiALis].mp3,55
1752847187,,,/home/erlan/Videos/MOVIE/【粵語】安娜瑪德蓮娜 (1998) 1080P ｜ Anna Madelina ( 金城武 ⧸ 郭富城 ⧸ 陳慧琳) ｜ 帥哥美女誇張幽默的愛情小品 ｜#經典華語老電影 [VF-TZGUdEEA].mp4,228
1752847288,,,/home/erlan/Music/Audio/batteryDischarged-en.wav,61
1752847291,,,/home/erlan/Music/Audio/batteryFullyCharged-en.wav,63
1752847421,,,/home/erlan/Music/Color Your Night [j9Sn1nFGQQ8].mp3,65
1752847648,,,/home/erlan/Music/erlanggabintang_672024190.mp3,60
1752847656,,,/home/erlan/Music/It's Going Down Now [2KuWjZD6PBA].mp3,68
1752847842,,,/home/erlan/Music/It's Going Down Now.mp3,54
1752848028,,,/home/erlan/Music/Last Surprise [ZNGqBDRJgvo].mp3,62
1752848264,,,/home/erlan/Music/Le Ciel Malice mizer [Karaoke + ENG SUB] [uWNMXZs4zi4].mp3,89
1752848555,,,/home/erlan/Music/Le Ciel Malice mizer [Karaoke + ENG SUB] [uWNMXZs4zi4].mp4,89
1752848580,,,/home/erlan/Music/Light the Fire Up in the Night _KAGEJIKAN_.mp3,77
1752848740,,,/home/erlan/Music/P5 OST 04 Life Will Change.mp3,61
1752849003,,,/home/erlan/Music/Persona 5 - Life Will Change (中英歌詞) [CGwH6rZk7VM].mp3,92
1752849011,,,/home/erlan/Music/Plastic Tree- Kuuchuu Buranko [ANTv-MwPLUw].flac,79
1752849338,,,/home/erlan/Music/Puff Daddy [feat. Faith Evans & 112] - I'll Be Missing You (Official Music Video) [NKMtZm2YuBE].mp3,130
1752849610,,,/home/erlan/Music/Runaway [VhEoCOWUtcU].mp3,56
1752850157,,,/home/erlan/Music/怪獣の花唄 ⧸ Vaundy ： MUSIC VIDEO [UM9XNpgrqVk].mp3,91
1753093935,54,[LENDRIVE] Kaijuu 8-gou S2 - 00 [1080p HEVC][Dualsubs],/home/erlan/Downloads/[LENDRIVE]_Kaijuu_8-gou_S2_-_00_[1080p_HEVC][Dualsubs].mkv,149
1753095300,54,[LENDRIVE] Kaijuu 8-gou S2 - 01 [1080p HEVC][Dualsubs],/home/erlan/Downloads/[LENDRIVE] Kaijuu 8-gou S2 - 01 [1080p HEVC][Dualsubs].mkv,149
1753180350,,,/home/erlan/Videos/Oresama (English Subtitles) [NcBvKQfVKNM].mp4,77
1753197536,,,/home/erlan/Videos/Oresama (English Subtitles) [NcBvKQfVKNM].mp4,77
1753201428,,,/home/erlan/Videos/心動 Tempting Heart 1999 BluRay ｜ English Sub [EqC0my7iywc].mp4,99
1753373395,,,/home/erlan/Videos/Love Exposure (2008) - Full Movie ｜ English Subtitles [K7YWEl3nipM].mp4,105
1753386371,,,/home/erlan/Videos/Drowning Love (2016) [1080p] [BluRay].mp4,73
1753386392,,,/home/erlan/Videos/Love Exposure (2008) - Full Movie ｜ English Subtitles [K7YWEl3nipM].mp4,105
1753390751,,,/home/erlan/Videos/Oresama (English Subtitles) [NcBvKQfVKNM].mp4,77
1753548856,55,[LENDRIVE] Hikaru ga Shinda - 01 [1080p HEVC][Dualsubs],/home/erlan/Downloads/[LENDRIVE]_Hikaru_ga_Shinda_-_01_[1080p_HEVC][Dualsubs].mkv,151
1753550330,55,[LENDRIVE] Hikaru ga Shinda - 02 [1080p HEVC][Dualsubs],/home/erlan/Downloads/[LENDRIVE]_Hikaru_ga_Shinda_-_02_[1080p_HEVC][Dualsubs].mkv,151
1753551671,55,[LENDRIVE] Hikaru ga Shinda - 03 [1080p HEVC][Dualsubs],/home/erlan/Downloads/[LENDRIVE] Hikaru ga Shinda - 03 [1080p HEVC][Dualsubs].mkv,151
1753552982,54,[LENDRIVE] Kaijuu 8-gou S2 - 01 [1080p HEVC][Dualsubs],/home/erlan/Downloads/[LENDRIVE] Kaijuu 8-gou S2 - 01 [1080p HEVC][Dualsubs].mkv,149
1753582589,,,/home/erlan/Downloads/[Kayoanime] Kaijuu 8 Gou - S02E02.mkv,72
1753682114,,,/home/erlan/Downloads/[Kayoanime] Kaijuu 8 Gou - S02E02.mkv,72
1753714429,,,/home/erlan/Videos/心動 Tempting Heart 1999 BluRay ｜ English Sub [EqC0my7iywc].mp4,99
1753765373,,,/home/erlan/Videos/心動 Tempting Heart 1999 BluRay ｜ English Sub [EqC0my7iywc].mp4,99
1753767327,42,Evangelion 2.0 You Can (Not) Advance 2009 ,archive:///home/erlan/Videos/EVA/[Kusonime] E.V.E.M.O.V.I.E.2.B.D.1.0.8.0.P.rar|/[Kusonime] E.V.E.M.O.V.I.E.2.B.D.1.0.8.0.P/[Kusonime] Evangelion 2.22 You Can (Not) Advance 2009 BD 1080p.mkv,247
1753880532,,,/home/erlan/Videos/Drowning Love (2016) [1080p] [BluRay].mp4,73
1753887757,,,/home/erlan/Videos/Love Exposure (2008) - Full Movie ｜ English Subtitles [K7YWEl3nipM].mp4,105
1754052622,,,/home/erlan/Downloads/The Odd One Dies (1997).mkv,62
1754056848,,,/home/erlan/Downloads/The Odd One Dies (1997).mkv,62
1754201702,,,/home/erlan/Videos/[Eng Sub] Perhaps Love (如果·爱) 2005 [kyYd4oXMaL4].mp4,91
1754201975,54,[LENDRIVE] Kaijuu 8-gou S2 - 03 [1080p HEVC][Dualsubs],/home/erlan/Downloads/[LENDRIVE] Kaijuu 8-gou S2 - 03 [1080p HEVC][Dualsubs].mkv,149
1754203360,55,[LENDRIVE] Hikaru ga Shinda - 04 [1080p HEVC][Dualsubs],/home/erlan/Downloads/[LENDRIVE] Hikaru ga Shinda - 04 [1080p HEVC][Dualsubs].mkv,151
1754207245,55,[LENDRIVE] Hikaru ga Shinda - 05 [1080p HEVC][Dualsubs],/home/erlan/Downloads/[LENDRIVE] Hikaru ga Shinda - 05 [1080p HEVC][Dualsubs].mkv,151
1754245002,60,RARBG - One.Million.Yen.Girl.2008.JAPANESE.WEBRip.x264-ION10,/home/erlan/Downloads/One million yen girl (2008).mp4,128
1754245039,,,/home/erlan/Videos/[Eng Sub] Perhaps Love (如果·爱) 2005 [kyYd4oXMaL4].mp4,91
1754401844,60,RARBG - One.Million.Yen.Girl.2008.JAPANESE.WEBRip.x264-ION10,/home/erlan/Downloads/One million yen girl (2008).mp4,128
1754409103,,,/home/erlan/Downloads/The Odd One Dies (1997).mkv,62
1754458235,,,/home/erlan/Downloads/The Odd One Dies (1997).mkv,62
1754458237,,,/home/erlan/Downloads/The Odd One Dies (1997).mkv,62
1754761694,55,[LENDRIVE] Hikaru ga Shinda - 05 [1080p HEVC][Dualsubs],/home/erlan/Downloads/[LENDRIVE] Hikaru ga Shinda - 05 [1080p HEVC][Dualsubs].mkv,151
1754789706,54,[LENDRIVE] Kaijuu 8-gou S2 - 04 [1080p HEVC][Dualsubs],/home/erlan/Downloads/[LENDRIVE] Kaijuu 8-gou S2 - 04 [1080p HEVC][Dualsubs].mkv,149
1754903943,55,[LENDRIVE] Hikaru ga Shinda - 02 [1080p HEVC][Dualsubs],/home/erlan/Downloads/[LENDRIVE]_Hikaru_ga_Shinda_-_02_[1080p_HEVC][Dualsubs].mkv,151
1755038426,,,/home/erlan/Downloads/Hikaru ga Shinda Natsu - 06.1K.mp4,69
1755225455,,,/home/erlan/Videos/20250815_092155.mp4,51
1755225459,,,/home/erlan/Videos/20250815_092535.mp4,51
1755440178,,,/home/erlan/Videos/[Eng Sub] Perhaps Love (如果·爱) 2005 [kyYd4oXMaL4].mp4,91
1755440196,,,/home/erlan/Videos/Drowning Love (2016) [1080p] [BluRay].mp4,73
1755440213,,,/home/erlan/Videos/心動 Tempting Heart 1999 BluRay ｜ English Sub [EqC0my7iywc].mp4,99
1755440240,,,/home/erlan/Videos/Too Tired To Die (1998).mp4,59
1755440328,,,/home/erlan/Videos/Too Tired To Die (1998).mp4,59
1755583705,,,/home/erlan/Videos/Turn Left, Turn Right (Chinese Romance Movie, English Subtitles, Takeshi Kaneshiro and Gigi Leung) [jUpUkclKY6Y].mp4,148
1755583720,,,/home/erlan/Videos/The Feeling Of Love - 重慶愛情感覺 (1996) [tvkDfS2Lcgw].mp4,97
1755684795,,,/home/erlan/Videos/2025-08-19 15-19-39.mkv,55
1755784336,37,Happy Together (1997) by Wong Kar-wai,/home/erlan/Videos/happy together (1997).mkv,96
1755790123,42,Evangelion 2.0 You Can (Not) Advance 2009 ,archive:///home/erlan/Videos/EVA/[Kusonime] E.V.E.M.O.V.I.E.2.B.D.1.0.8.0.P.rar|/[Kusonime] E.V.E.M.O.V.I.E.2.B.D.1.0.8.0.P/[Kusonime] Evangelion 2.22 You Can (Not) Advance 2009 BD 1080p.mkv,247
1755796937,69,[Koisuru] Evangelion 3.0+1.11 Thrice Upon A Time BD [1080p][Kusonime],archive:///home/erlan/Videos/EVA/[Kusonime] E.V.E.M.O.V.I.E.3+1.B.D.1.0.8.0.P.rar|/[Kusonime] E.V.E.M.O.V.I.E.3+1.B.D.1.0.8.0.P/[Koisuru] Evangelion 3.0+1.11 Thrice Upon A Time BD [1080p][Kusonime].mkv,285
1755806239,65,[Zensubs] Evangelion 3.0-120m - Motion Comic BD [1080p][Kusonime],archive:///home/erlan/Videos/EVA/[Kusonime] E.V.E.M.O.V.I.E.3+1.B.D.1.0.8.0.P.rar|/[Kusonime] E.V.E.M.O.V.I.E.3+1.B.D.1.0.8.0.P/[Zensubs] Evangelion 3.0-120m - Motion Comic BD [1080p][Kusonime].mkv,277
1755806695,,,archive:///home/erlan/Videos/EVA/[Kusonime] E.V.E.M.O.V.I.E.3.B.D.1,0.8.0.P.rar|/[Kusonime] E.V.E.M.O.V.I.E.3.B.D.1,0.8.0.P/[Kusonime] Evangelion 3.33 You Can (Not) Redo BD 1080p.mkv,195
1756458453,55,[LENDRIVE] Hikaru ga Shinda - 07 [1080p HEVC][Dualsubs],/home/erlan/Downloads/[LENDRIVE] Hikaru ga Shinda - 07 [1080p HEVC][Dualsubs].mkv,151
1756476635,,,/home/erlan/Videos/2025-08-29 21-02-42.mkv,55
1756568431,55,[LENDRIVE] Hikaru ga Shinda - 08 [1080p HEVC][Dualsubs],/home/erlan/Downloads/[LENDRIVE] Hikaru ga Shinda - 08 [1080p HEVC][Dualsubs].mkv,151
1756568458,55,[LENDRIVE] Hikaru ga Shinda - 07 [1080p HEVC][Dualsubs],/home/erlan/Downloads/[LENDRIVE] Hikaru ga Shinda - 07 [1080p HEVC][Dualsubs].mkv,151
1756568517,55,[LENDRIVE] Hikaru ga Shinda - 08 [1080p HEVC][Dualsubs],/home/erlan/Downloads/[LENDRIVE] Hikaru ga Shinda - 08 [1080p HEVC][Dualsubs].mkv,151
1756574033,54,[LENDRIVE] Kaijuu 8-gou S2 - 06 [1080p HEVC][Dualsubs],/home/erlan/Downloads/[LENDRIVE] Kaijuu 8-gou S2 - 06 [1080p HEVC][Dualsubs].mkv,149
1756617919,,,/home/erlan/Videos/2025-08-29 21-02-42.mkv,55
1756629109,,,/home/erlan/Videos/Dababy .wav,43
1756629112,37,Happy Together (1997) by Wong Kar-wai,/home/erlan/Videos/happy together (1997).mkv,96
1756733155,,,/home/erlan/Music/犯錯 [XaeK5wiALis].mp3,55
1756735009,,,/home/erlan/Videos/RICING VIDEO/2024-09-05 21-24-01.mkv,68
1756735043,,,/home/erlan/Videos/RICING VIDEO/2024-09-05 21-36-04.mkv,68
1756812318,,,/home/erlan/Videos/Turn Left, Turn Right (Chinese Romance Movie, English Subtitles, Takeshi Kaneshiro and Gigi Leung) [jUpUkclKY6Y].mp4,148
1756814190,,,/home/erlan/Videos/Turn Left, Turn Right (Chinese Romance Movie, English Subtitles, Takeshi Kaneshiro and Gigi Leung) [jUpUkclKY6Y].mp4,148
1756826336,39,Clash Royale he he he ha (sound effect),/home/erlan/Downloads/Clash Royale he he he ha (sound effect).wav,119
1756826337,,,/home/erlan/Downloads/Dababy .mp3,46
1756826347,39,Clash Royale he he he ha (sound effect),/home/erlan/Downloads/Clash Royale he he he ha (sound effect).wav,119
1756826544,,,/home/erlan/Downloads/Clash.mp3,44
1756826546,,,/home/erlan/Downloads/Dababy .mp3,46
1756826772,39,Clash Royale he he he ha (sound effect),/home/erlan/Downloads/Clash Royale he he he ha (sound effect).wav,119
1757000576,46,[LENDRIVE] Takopii - 01 [1080p HEVC][Dualsubs],/home/erlan/Videos/[LENDRIVE] Takopi (DS) (01-06) [1080p][HEVC]/[LENDRIVE] Takopii - 01 [1080p HEVC][Dualsubs].mkv,175
1757003197,46,[LENDRIVE] Takopii - 02 [1080p HEVC][Dualsubs],/home/erlan/Videos/[LENDRIVE] Takopi (DS) (01-06) [1080p][HEVC]/[LENDRIVE] Takopii - 02 [1080p HEVC][Dualsubs].mkv,175
1757004445,46,[LENDRIVE] Takopii - 03 [1080p HEVC][Dualsubs],/home/erlan/Videos/[LENDRIVE] Takopi (DS) (01-06) [1080p][HEVC]/[LENDRIVE] Takopii - 03 [1080p HEVC][Dualsubs].mkv,175
1757006109,46,[LENDRIVE] Takopii - 04 [1080p HEVC][Dualsubs],/home/erlan/Videos/[LENDRIVE] Takopi (DS) (01-06) [1080p][HEVC]/[LENDRIVE] Takopii - 04 [1080p HEVC][Dualsubs].mkv,175
1757007477,46,[LENDRIVE] Takopii - 05 [1080p HEVC][Dualsubs],/home/erlan/Videos/[LENDRIVE] Takopi (DS) (01-06) [1080p][HEVC]/[LENDRIVE] Takopii - 05 [1080p HEVC][Dualsubs].mkv,175
1757008898,46,[LENDRIVE] Takopii - 06 [1080p HEVC][Dualsubs],/home/erlan/Videos/[LENDRIVE] Takopi (DS) (01-06) [1080p][HEVC]/[LENDRIVE] Takopii - 06 [1080p HEVC][Dualsubs].mkv,175
1757219481,55,[LENDRIVE] Hikaru ga Shinda - 09 [1080p HEVC][Dualsubs],/home/erlan/Downloads/[LENDRIVE] Hikaru ga Shinda - 09 [1080p HEVC][Dualsubs].mkv,151
1757489912,,,/home/erlan/Videos/2025-09-10 14-28-36.mkv,55
1757490630,,,/home/erlan/Videos/2025-09-10 14-18-06.mkv,55
1757490639,,,/home/erlan/Videos/2025-09-10 14-43-44.mkv,55
1757490641,,,/home/erlan/Videos/2025-09-10 14-43-44.mkv,55
1757490659,,,/home/erlan/Videos/2025-09-10 14-45-12.mkv,55
1757490662,,,/home/erlan/Videos/2025-09-10 14-45-57.mkv,55
1757490671,,,/home/erlan/Videos/2025-09-10 14-45-57.mkv,55
1757490674,,,/home/erlan/Videos/2025-09-10 14-48-04.mkv,55
1757490679,,,/home/erlan/Videos/2025-09-10 14-45-57.mkv,55
1757490683,,,/home/erlan/Videos/2025-09-10 14-48-12.mkv,55
1757491734,,,/home/erlan/Videos/Video/2025-09-10 14-28-36.mkv,61
1757491744,,,/home/erlan/Videos/project.mp4,43
1757491760,,,/home/erlan/Videos/KARAOKE/[KARAOKE] BUCK-TICK - AKU NO HANA (romaji) [q2J2aPAlHm0].mp4,100
1758988525,,,/home/erlan/Videos/Video/【ENG SUB】《太平轮·彼岸⧸The Crossing》宏偉的時代背景，男女私情要不被湮沒，唯有一顆勇敢的心。#爱情 #浪漫 #电影 [tNE8BtjEH7g].mp4,211
1759326627,,,/home/erlan/Downloads/Otakudesu.io_KJ8G.S2--11_End_Mkv1080p.mkv,76
1759327929,,,/home/erlan/Downloads/res.jpg,42
1759328311,,,/home/erlan/Downloads/Otakudesu.io_HGSN--12_End_Mkv1080p.mkv,73
1759628159,,,/home/erlan/Downloads/Otakudesu.io_FnAe.S3--01_Mkv1080p.mkv,72
1759629698,,,/home/erlan/Downloads/Otakudesu.io_FnAe.S3--01_Mkv1080p.mkv,72
1759629713,,,/home/erlan/Downloads/Otakudesu.io_HGSN--12_End_Mkv1080p.mkv,73
1759629718,,,/home/erlan/Downloads/Otakudesu.io_FnAe.S3--01_Mkv1080p.mkv,72
1759629721,,,/home/erlan/Downloads/Otakudesu.io_FnAe.S3--01_Mkv1080p.mkv,72
1760231526,,,/home/erlan/Downloads/Otakudesu.io_FnAe.S3--02_Mkv1080p.mkv,72
1760232968,,,/home/erlan/Downloads/Otakudesu.io_GNTM3Z--01_Mkv1080p.mkv,71
1760776092,,,/home/erlan/Videos/2025-10-18 15-19-40.mkv,55
1760804742,,,/home/erlan/Videos/2025-10-18 23-01-32.mkv,55
1760861208,,,/home/erlan/Downloads/Otakudesu.io_FnAe.S3--03_Mkv1080p.mkv,72
1760862628,,,/home/erlan/Downloads/Parasite in Love 2022 [1080p] [DigitalDrive].mp4,83
1760891033,,,/home/erlan/Downloads/Parasite in Love 2022 [1080p] [DigitalDrive].mp4,83
1761098581,,,/home/erlan/Videos/tutor.mp4,41
1761230710,73,Shark Skin Man and Peach Hip Girl (1998) 1080p BRRip H265-10bit by Dougal,/home/erlan/Downloads/Shark.Skin.Man.and.Peach.Hip.Girl.1998.1080p.BluRay.DD+5.1.H265.10bit-dougal.mkv,190
1761237124,,,/home/erlan/Downloads/the winner.jpeg,50
